#
# A fatal error has been detected by the Java Runtime Environment:
#
#  EXCEPTION_ACCESS_VIOLATION (0xc0000005) at pc=0x71fd0682, pid=9000, tid=4312
#
# JRE version: 7.0-b147
# Java VM: Java HotSpot(TM) Client VM (21.0-b17 mixed mode, sharing windows-x86 )
# Problematic frame:
# C  0x71fd0682
#
# Failed to write core dump. Minidumps are not enabled by default on client versions of Windows
#
# If you would like to submit a bug report, please visit:
#   http://bugreport.sun.com/bugreport/crash.jsp
# The crash happened outside the Java Virtual Machine in native code.
# See problematic frame for where to report the bug.
#

---------------  T H R E A D  ---------------

Current thread (0x07797c00):  JavaThread "Thread-4" [_thread_in_native, id=4312, stack(0x07ce0000,0x07d30000)]

siginfo: ExceptionCode=0xc0000005, ExceptionInformation=0x00000008 0x71fd0682

Registers:
EAX=0x07d2ee18, EBX=0x054407e0, ECX=0x07d2ee20, EDX=0x0000004f
ESP=0x07d2ede0, EBP=0x07d2ee00, ESI=0x00000000, EDI=0x054407e4
EIP=0x71fd0682, EFLAGS=0x00010246

Top of Stack: (sp=0x07d2ede0)
0x07d2ede0:   75411394 00010001 00000000 07d2ee20
0x07d2edf0:   07d2ee50 0000000e 00000000 00000000
0x07d2ee00:   07d2ee58 773e962e 07d2ee18 00000020
0x07d2ee10:   07d2f678 773e95e0 00010001 00000000
0x07d2ee20:   00000000 00000000 00000556 00000300
0x07d2ee30:   07d2ee50 71fd0682 754113b9 71fd0740
0x07d2ee40:   00000000 00000000 71fd0682 07d2ee50
0x07d2ee50:   05440820 00000000 07d2ee70 71ff5aa6 

Instructions: (pc=0x71fd0682)
0x71fd0662:   
[error occurred during error reporting (printing registers, top of stack, instructions near pc), id 0xc0000005]

Register to memory mapping:

EAX=0x07d2ee18 is pointing into the stack for thread: 0x07797c00
EBX=0x054407e0 is an unknown value
ECX=0x07d2ee20 is pointing into the stack for thread: 0x07797c00
EDX=0x0000004f is an unknown value
ESP=0x07d2ede0 is pointing into the stack for thread: 0x07797c00
EBP=0x07d2ee00 is pointing into the stack for thread: 0x07797c00
ESI=0x00000000 is an unknown value
EDI=0x054407e4 is an unknown value


Stack: [0x07ce0000,0x07d30000],  sp=0x07d2ede0,  free space=315k
Native frames: (J=compiled Java code, j=interpreted, Vv=VM code, C=native code)
C  0x71fd0682
C  [ntdll.dll+0x5962e]  KiUserCallbackDispatcher+0x2e
C  0x71ff5aa6

Java frames: (J=compiled Java code, j=interpreted, Vv=VM code)
j  sun.java2d.d3d.D3DSurfaceData.initOps(III)V+0
j  sun.java2d.d3d.D3DSurfaceData.<init>(Lsun/awt/windows/WComponentPeer;Lsun/java2d/d3d/D3DGraphicsConfig;IILjava/awt/Image;Ljava/awt/image/ColorModel;IILsun/java2d/pipe/hw/ExtendedBufferCapabilities$VSyncType;I)V+76
j  sun.java2d.d3d.D3DSurfaceData.createData(Lsun/java2d/d3d/D3DGraphicsConfig;IILjava/awt/image/ColorModel;Ljava/awt/Image;I)Lsun/java2d/d3d/D3DSurfaceData;+70
j  sun.java2d.d3d.D3DGraphicsConfig.createManagedSurface(III)Lsun/java2d/SurfaceData;+10
j  sun.java2d.d3d.D3DSurfaceDataProxy.validateSurfaceData(Lsun/java2d/SurfaceData;Lsun/java2d/SurfaceData;II)Lsun/java2d/SurfaceData;+22
J  sun.java2d.SurfaceDataProxy.replaceData(Lsun/java2d/SurfaceData;ILsun/java2d/loops/CompositeType;Ljava/awt/Color;)Lsun/java2d/SurfaceData;
J  sun.java2d.SurfaceData.getSourceSurfaceData(Ljava/awt/Image;ILsun/java2d/loops/CompositeType;Ljava/awt/Color;)Lsun/java2d/SurfaceData;
J  sun.java2d.pipe.DrawImage.renderImageCopy(Lsun/java2d/SunGraphics2D;Ljava/awt/Image;Ljava/awt/Color;IIIIII)Z
J  sun.java2d.pipe.DrawImage.copyImage(Lsun/java2d/SunGraphics2D;Ljava/awt/Image;IILjava/awt/Color;)Z
J  sun.java2d.pipe.DrawImage.copyImage(Lsun/java2d/SunGraphics2D;Ljava/awt/Image;IILjava/awt/Color;Ljava/awt/image/ImageObserver;)Z
J  sun.java2d.SunGraphics2D.drawImage(Ljava/awt/Image;IILjava/awt/Color;Ljava/awt/image/ImageObserver;)Z
J  sun.awt.image.ImageRepresentation.drawToBufImage(Ljava/awt/Graphics;Lsun/awt/image/ToolkitImage;IILjava/awt/Color;Ljava/awt/image/ImageObserver;)Z
J  sun.java2d.pipe.DrawImage.copyImage(Lsun/java2d/SunGraphics2D;Ljava/awt/Image;IILjava/awt/Color;Ljava/awt/image/ImageObserver;)Z
J  sun.java2d.SunGraphics2D.drawImage(Ljava/awt/Image;IILjava/awt/Color;Ljava/awt/image/ImageObserver;)Z
J  sun.java2d.SunGraphics2D.drawImage(Ljava/awt/Image;IILjava/awt/image/ImageObserver;)Z
J  client.method146()V
J  client.drawGameScreen()V
J  client.processDrawing()V
j  RSApplet.run()V+449
j  client.run()V+15
j  java.lang.Thread.run()V+11
v  ~StubRoutines::call_stub

---------------  P R O C E S S  ---------------

Java Threads: ( => current thread )
  0x00b13000 JavaThread "Thread-8" [_thread_blocked, id=5856, stack(0x0acc0000,0x0ad10000)]
  0x00b12800 JavaThread "Thread-7" [_thread_blocked, id=8240, stack(0x08a80000,0x08ad0000)]
  0x00b11c00 JavaThread "Thread-6" [_thread_blocked, id=5620, stack(0x08be0000,0x08c30000)]
  0x023c9400 JavaThread "DestroyJavaVM" [_thread_blocked, id=5240, stack(0x00690000,0x006e0000)]
=>0x07797c00 JavaThread "Thread-4" [_thread_in_native, id=4312, stack(0x07ce0000,0x07d30000)]
  0x049cb400 JavaThread "Thread-3" daemon [_thread_blocked, id=4832, stack(0x06a20000,0x06a70000)]
  0x048fcc00 JavaThread "AWT-EventQueue-0" [_thread_blocked, id=7268, stack(0x06e70000,0x06ec0000)]
  0x048be000 JavaThread "AWT-Shutdown" [_thread_blocked, id=10080, stack(0x02370000,0x023c0000)]
  0x048b7400 JavaThread "Java2D Disposer" daemon [_thread_blocked, id=8432, stack(0x04f10000,0x04f60000)]
  0x00b10c00 JavaThread "Service Thread" daemon [_thread_blocked, id=6132, stack(0x04850000,0x048a0000)]
  0x00aeec00 JavaThread "C1 CompilerThread0" daemon [_thread_blocked, id=10212, stack(0x04480000,0x044d0000)]
  0x00aebc00 JavaThread "Attach Listener" daemon [_thread_blocked, id=9604, stack(0x04770000,0x047c0000)]
  0x00ae8800 JavaThread "Signal Dispatcher" daemon [_thread_blocked, id=1800, stack(0x04590000,0x045e0000)]
  0x00add800 JavaThread "Finalizer" daemon [_thread_blocked, id=10136, stack(0x04690000,0x046e0000)]
  0x00ad8c00 JavaThread "Reference Handler" daemon [_thread_blocked, id=456, stack(0x04420000,0x04470000)]

Other Threads:
  0x00ad6c00 VMThread [stack: 0x04500000,0x04550000] [id=9372]
  0x00b22400 WatcherThread [stack: 0x046e0000,0x04730000] [id=9608]

VM state:not at safepoint (normal execution)

VM Mutex/Monitor currently owned by a thread: None

Heap
 def new generation   total 153600K, used 15150K [0x15600000, 0x1fca0000, 0x1fca0000)
  eden space 136576K,  11% used [0x15600000, 0x164b9e30, 0x1db60000)
  from space 17024K,   0% used [0x1ec00000, 0x1ec11cb0, 0x1fca0000)
  to   space 17024K,   0% used [0x1db60000, 0x1db60000, 0x1ec00000)
 tenured generation   total 341376K, used 266191K [0x1fca0000, 0x34a00000, 0x34a00000)
   the space 341376K,  77% used [0x1fca0000, 0x30093d58, 0x30093e00, 0x34a00000)
 compacting perm gen  total 12288K, used 1748K [0x34a00000, 0x35600000, 0x38a00000)
   the space 12288K,  14% used [0x34a00000, 0x34bb51d8, 0x34bb5200, 0x35600000)
    ro space 10240K,  42% used [0x38a00000, 0x38e3c660, 0x38e3c800, 0x39400000)
    rw space 12288K,  53% used [0x39400000, 0x39a78180, 0x39a78200, 0x3a000000)

Code Cache  [0x023d0000, 0x02790000, 0x043d0000)
 total_blobs=1177 nmethods=942 adapters=167 free_code_cache=28938Kb largest_free_block=29631360

Dynamic libraries:
0x00c00000 - 0x00c2e000 	C:\Windows\system32\java.exe
0x77390000 - 0x774b8000 	C:\Windows\system32\ntdll.dll
0x754f0000 - 0x755cc000 	C:\Windows\system32\kernel32.dll
0x752b0000 - 0x75376000 	C:\Windows\system32\ADVAPI32.dll
0x75a80000 - 0x75b42000 	C:\Windows\system32\RPCRT4.dll
0x75400000 - 0x7549d000 	C:\Windows\system32\USER32.dll
0x754a0000 - 0x754eb000 	C:\Windows\system32\GDI32.dll
0x73f40000 - 0x740de000 	C:\Windows\WinSxS\x86_microsoft.windows.common-controls_6595b64144ccf1df_6.0.6001.18523_none_5cdd65e20837faf2\COMCTL32.dll
0x75fe0000 - 0x7608a000 	C:\Windows\system32\msvcrt.dll
0x75cc0000 - 0x75d18000 	C:\Windows\system32\SHLWAPI.dll
0x774c0000 - 0x774de000 	C:\Windows\system32\IMM32.DLL
0x75f10000 - 0x75fd8000 	C:\Windows\system32\MSCTF.dll
0x774f0000 - 0x774f9000 	C:\Windows\system32\LPK.DLL
0x75380000 - 0x753fd000 	C:\Windows\system32\USP10.dll
0x63ac0000 - 0x63b7e000 	C:\Program Files\Java\jre7\bin\msvcr100.dll
0x62c60000 - 0x62f81000 	C:\Program Files\Java\jre7\bin\client\jvm.dll
0x71910000 - 0x71917000 	C:\Windows\system32\WSOCK32.dll
0x76d20000 - 0x76d4d000 	C:\Windows\system32\WS2_32.dll
0x774e0000 - 0x774e6000 	C:\Windows\system32\NSI.dll
0x74590000 - 0x745c2000 	C:\Windows\system32\WINMM.dll
0x757f0000 - 0x75934000 	C:\Windows\system32\ole32.dll
0x755d0000 - 0x7565d000 	C:\Windows\system32\OLEAUT32.dll
0x74550000 - 0x74589000 	C:\Windows\system32\OLEACC.dll
0x751e0000 - 0x751e7000 	C:\Windows\system32\PSAPI.DLL
0x65600000 - 0x6560c000 	C:\Program Files\Java\jre7\bin\verify.dll
0x64dd0000 - 0x64df0000 	C:\Program Files\Java\jre7\bin\java.dll
0x64db0000 - 0x64dc3000 	C:\Program Files\Java\jre7\bin\zip.dll
0x65910000 - 0x65a52000 	C:\Program Files\Java\jre7\bin\awt.dll
0x72800000 - 0x7280c000 	C:\Windows\system32\DWMAPI.DLL
0x74240000 - 0x7427f000 	C:\Windows\system32\uxtheme.dll
0x60c40000 - 0x60ca9000 	C:\PROGRAM FILES\NORTON INTERNET SECURITY\ENGINE\17.8.0.5\ASOEHOOK.DLL
0x71c00000 - 0x71ca3000 	C:\Windows\WinSxS\x86_microsoft.vc90.crt_1fc8b3b9a1e18e3b_9.0.30729.6161_none_50934f2ebcb7eb57\MSVCR90.dll
0x6d430000 - 0x6d4be000 	C:\Windows\WinSxS\x86_microsoft.vc90.crt_1fc8b3b9a1e18e3b_9.0.30729.6161_none_50934f2ebcb7eb57\MSVCP90.dll
0x10000000 - 0x10029000 	C:\Program Files\ScanSoft\OmniPageSE2.0\ophookSE2.dll
0x744e0000 - 0x744e8000 	C:\Windows\system32\VERSION.dll
0x76090000 - 0x76ba0000 	C:\Windows\system32\SHELL32.dll
0x6cab0000 - 0x6cada000 	C:\Program Files\Java\jre7\bin\fontmanager.dll
0x647f0000 - 0x64804000 	C:\Program Files\Java\jre7\bin\net.dll
0x748a0000 - 0x748db000 	C:\Windows\system32\mswsock.dll
0x74910000 - 0x74915000 	C:\Windows\System32\wship6.dll
0x73960000 - 0x7396f000 	C:\Program Files\Java\jre7\bin\nio.dll
0x6ddd0000 - 0x6de01000 	C:\Program Files\Java\jre7\bin\t2k.dll
0x00b60000 - 0x00ba4000 	C:\Program Files\Elantech\ETDApix.dll
0x73160000 - 0x731a2000 	C:\Windows\system32\WINSPOOL.DRV
0x74290000 - 0x7429f000 	C:\Windows\system32\NLAapi.dll
0x74b00000 - 0x74b19000 	C:\Windows\system32\IPHLPAPI.DLL
0x74ac0000 - 0x74af5000 	C:\Windows\system32\dhcpcsvc.DLL
0x74d40000 - 0x74d6c000 	C:\Windows\system32\DNSAPI.dll
0x75110000 - 0x75124000 	C:\Windows\system32\Secur32.dll
0x75050000 - 0x75057000 	C:\Windows\system32\WINNSI.DLL
0x74a90000 - 0x74ab1000 	C:\Windows\system32\dhcpcsvc6.DLL
0x71500000 - 0x7150f000 	C:\Windows\system32\napinsp.dll
0x711c0000 - 0x711d2000 	C:\Windows\system32\pnrpnsp.dll
0x714f0000 - 0x714f8000 	C:\Windows\System32\winrnr.dll
0x76da0000 - 0x76dea000 	C:\Windows\system32\WLDAP32.dll
0x71160000 - 0x71185000 	C:\Program Files\Bonjour\mdnsNSP.dll
0x74410000 - 0x74415000 	C:\Windows\System32\wshtcpip.dll
0x72550000 - 0x72556000 	C:\Windows\system32\rasadhlp.dll

VM Arguments:
jvm_args: -Xmx500m 
java_command: Launcher 10 0 highmem members 32
Launcher Type: SUN_STANDARD

Environment Variables:
CLASSPATH=C:\Program Files\Java\jdk1.6.0_23\bin;.;C:\Program Files\Java\jre6\lib\ext\QTJava.zip; 
PATH=C:\Program Files\Common Files\Microsoft Shared\Windows Live;C:\Windows\system32;C:\Windows;C:\Windows\System32\Wbem;C:\Program Files\ATI Technologies\ATI.ACE\Core-Static;C:\Program Files\Common Files\Adobe\AGL;C:\Program Files\MySQL\MySQL Server 5.1\bin;C:\Windows\System32\WindowsPowerShell\v1.0\;C:\Program Files\QuickTime\QTSystem\;C:\Program Files\Microsoft SQL Server\90\Tools\binn\;C:\Program Files\Java\jdk1.6.0_23\bin;
USERNAME=bailey
OS=Windows_NT
PROCESSOR_IDENTIFIER=x86 Family 17 Model 3 Stepping 1, AuthenticAMD



---------------  S Y S T E M  ---------------

OS: Windows Vista Build 6001 Service Pack 1

CPU:total 2 (2 cores per cpu, 1 threads per core) family 17 model 3 stepping 1, cmov, cx8, fxsr, mmx, sse, sse2, sse3, mmxext, 3dnowpref

Memory: 4k page, physical 3143868k(451284k free), swap 6497164k(2389036k free)

vm_info: Java HotSpot(TM) Client VM (21.0-b17) for windows-x86 JRE (1.7.0-b147), built on Jun 27 2011 02:25:52 by "java_re" with unknown MS VC++:1600

time: Thu Sep 15 17:09:31 2011
elapsed time: 170 seconds

